2016-10-12 23:05:12 [127.0.0.1][-][-][error][yii\web\HttpException:404] exception 'yii\base\InvalidRouteException' with message 'Unable to resolve the request "site/index".' in C:\OpenServer\domains\my-google-api.ru\axcent-api\vendor\yiisoft\yii2\base\Module.php:460
Stack trace:
#0 C:\OpenServer\domains\my-google-api.ru\axcent-api\vendor\yiisoft\yii2\web\Application.php(100): yii\base\Module->runAction('site/index', Array)
#1 C:\OpenServer\domains\my-google-api.ru\axcent-api\vendor\yiisoft\yii2\base\Application.php(375): yii\web\Application->handleRequest(Object(yii\web\Request))
#2 C:\OpenServer\domains\my-google-api.ru\axcent-api\web\index.php(12): yii\base\Application->run()
#3 {main}

Next exception 'yii\web\NotFoundHttpException' with message 'Page not found.' in C:\OpenServer\domains\my-google-api.ru\axcent-api\vendor\yiisoft\yii2\web\Application.php:112
Stack trace:
#0 C:\OpenServer\domains\my-google-api.ru\axcent-api\vendor\yiisoft\yii2\base\Application.php(375): yii\web\Application->handleRequest(Object(yii\web\Request))
#1 C:\OpenServer\domains\my-google-api.ru\axcent-api\web\index.php(12): yii\base\Application->run()
#2 {main}
2016-10-12 23:05:12 [127.0.0.1][-][-][info][application] $_COOKIE = [
    '_csrf' => '775df652bb158279ea75250dd1c5495eaef773c2a0689a32d9e02687ad2e92daa:2:{i:0;s:5:\"_csrf\";i:1;s:32:\"6JErPVC-XK7QumuhfnGLiSdJmxoQgyJs\";}'
    'PHPSESSID' => 'uletr50a42p7g69tsdd3fbpkj4'
]

$_SERVER = [
    'HTTP_HOST' => 'my-google-api.ru'
    'HTTP_CONNECTION' => 'keep-alive'
    'HTTP_ACCEPT' => 'text/html,application/xhtml+xml,application/xml;q=0.9,image/webp,*/*;q=0.8'
    'HTTP_UPGRADE_INSECURE_REQUESTS' => '1'
    'HTTP_USER_AGENT' => 'Mozilla/5.0 (Windows NT 5.1) AppleWebKit/537.36 (KHTML, like Gecko) Chrome/49.0.2623.112 Safari/537.36'
    'HTTP_REFERER' => 'http://my-google-api.ru/'
    'HTTP_ACCEPT_ENCODING' => 'gzip, deflate, sdch'
    'HTTP_ACCEPT_LANGUAGE' => 'ru-RU,ru;q=0.8,en-US;q=0.6,en;q=0.4'
    'HTTP_COOKIE' => '_csrf=775df652bb158279ea75250dd1c5495eaef773c2a0689a32d9e02687ad2e92daa%3A2%3A%7Bi%3A0%3Bs%3A5%3A%22_csrf%22%3Bi%3A1%3Bs%3A32%3A%226JErPVC-XK7QumuhfnGLiSdJmxoQgyJs%22%3B%7D; PHPSESSID=uletr50a42p7g69tsdd3fbpkj4'
    'PATH' => 'c:\\openserver\\modules\\php\\PHP-5.4\\ext;c:\\openserver\\modules\\php\\PHP-5.4\\pear;c:\\openserver\\modules\\php\\PHP-5.4\\pear\\bin;c:\\openserver\\modules\\php\\PHP-5.4;c:\\openserver\\modules\\imagemagick;c:\\openserver\\modules\\wget\\bin;c:\\openserver\\modules\\git;c:\\openserver\\modules\\git\\bin;c:\\openserver\\modules\\git\\mingw\\bin;c:\\openserver\\modules\\git\\cmd;c:\\openserver\\modules\\database\\MySQL-5.5\\bin;c:\\openserver\\modules\\database\\PostgreSQL-9.3\\bin;c:\\openserver\\modules\\database\\PostgreSQL-9.3\\lib;c:\\openserver\\modules\\http\\Apache-2.2\\bin;c:\\openserver\\modules\\http\\Apache-2.2;C:\\WINDOWS\\system32;C:\\WINDOWS;C:\\WINDOWS\\system32\\Wbem'
    'SystemRoot' => 'C:\\WINDOWS'
    'COMSPEC' => 'C:\\WINDOWS\\system32\\cmd.exe'
    'PATHEXT' => '.COM;.EXE;.BAT;.CMD;.VBS;.VBE;.JS;.JSE;.WSF;.WSH;.RB;.RBW;.PY'
    'WINDIR' => 'C:\\WINDOWS'
    'SERVER_SIGNATURE' => ''
    'SERVER_SOFTWARE' => 'Apache/2.2.29 (Win32)'
    'SERVER_NAME' => 'my-google-api.ru'
    'SERVER_ADDR' => '127.0.0.1'
    'SERVER_PORT' => '80'
    'REMOTE_ADDR' => '127.0.0.1'
    'DOCUMENT_ROOT' => 'C:/OpenServer/domains/my-google-api.ru/axcent-api/web'
    'SERVER_ADMIN' => '[no address given]'
    'SCRIPT_FILENAME' => 'C:/OpenServer/domains/my-google-api.ru/axcent-api/web/index.php'
    'REMOTE_PORT' => '2808'
    'GATEWAY_INTERFACE' => 'CGI/1.1'
    'SERVER_PROTOCOL' => 'HTTP/1.1'
    'REQUEST_METHOD' => 'GET'
    'QUERY_STRING' => ''
    'REQUEST_URI' => '/'
    'SCRIPT_NAME' => '/index.php'
    'PHP_SELF' => '/index.php'
    'REQUEST_TIME_FLOAT' => 1476302712.078
    'REQUEST_TIME' => 1476302712
    'argv' => []
    'argc' => 0
]
